<?xml version="1.0" encoding="UTF-8"?>
<testsuites name="Mocha Tests" time="0.450" tests="1" failures="1">
  <testsuite name="Root Suite" timestamp="2025-08-26T09:52:35" tests="1" file="cypress/e2e/autoAnalyse.cy.js" time="0.450" failures="1">
    <testcase name="An uncaught error was detected outside of a test" time="0.000" classname="An uncaught error was detected outside of a test">
      <failure message="The following error originated from your test code, not from Cypress.

  &gt; Cypress is not configured for axe watcher. Please ensure that axe watcher&apos;s cypressConfig() is invoked within Cypress&apos; defineConfig() in your /Users/dq_padmavathi/Documents/Examples25825/watcher-examples/js/cypress/basic/cypress.autoAnalyze.config.js. All tests will fail with this error.

When Cypress detects uncaught errors originating from your test code it will automatically fail the current test.

Cypress could not associate this error to any specific test.

We dynamically generated a new test to display this failure." type="Error"><![CDATA[Error: The following error originated from your test code, not from Cypress.

  > Cypress is not configured for axe watcher. Please ensure that axe watcher's cypressConfig() is invoked within Cypress' defineConfig() in your /Users/dq_padmavathi/Documents/Examples25825/watcher-examples/js/cypress/basic/cypress.autoAnalyze.config.js. All tests will fail with this error.

When Cypress detects uncaught errors originating from your test code it will automatically fail the current test.

Cypress could not associate this error to any specific test.

We dynamically generated a new test to display this failure.
    at ./node_modules/@axe-core/watcher/dist/cypressCommands.js (webpack://basic/./node_modules/@axe-core/watcher/dist/cypressCommands.js:38:0)
    at __webpack_require__ (webpack://basic/webpack/bootstrap:19:0)
    at eval (webpack://basic/./cypress/support/e2e.js:2:0)
    at eval (http://localhost:53402/__cypress/tests?p=cypress/support/e2e.js:14463:3)
    at eval (http://localhost:53402/__cypress/tests?p=cypress/support/e2e.js:14465:12)
    at eval (<anonymous>)
    at <unknown> (http://localhost:53402/__cypress/runner/cypress_runner.js:113075:23)
    at tryCatcher (http://localhost:53402/__cypress/runner/cypress_runner.js:1777:23)
    at Object.gotValue (http://localhost:53402/__cypress/runner/cypress_runner.js:6446:18)
    at Object.gotAccum (http://localhost:53402/__cypress/runner/cypress_runner.js:6435:25)]]></failure>
    </testcase>
  </testsuite>
</testsuites>